Performing C SOURCE FILE Test CMAKE_HAVE_LIBC_PTHREAD failed with the following output:
Change Dir: /home/char/Downloads/GAMES101/Assignment8/build/CMakeFiles/CMakeTmp

Run Build Command(s):/usr/bin/make cmTC_491d4/fast && /usr/bin/make -f CMakeFiles/cmTC_491d4.dir/build.make CMakeFiles/cmTC_491d4.dir/build
make[1]: Entering directory '/home/char/Downloads/GAMES101/Assignment8/build/CMakeFiles/CMakeTmp'
Building C object CMakeFiles/cmTC_491d4.dir/src.c.o
/usr/bin/cc   -DCMAKE_HAVE_LIBC_PTHREAD   -o CMakeFiles/cmTC_491d4.dir/src.c.o   -c /home/char/Downloads/GAMES101/Assignment8/build/CMakeFiles/CMakeTmp/src.c
Linking C executable cmTC_491d4
/usr/bin/cmake -E cmake_link_script CMakeFiles/cmTC_491d4.dir/link.txt --verbose=1
/usr/bin/cc  -DCMAKE_HAVE_LIBC_PTHREAD    -rdynamic CMakeFiles/cmTC_491d4.dir/src.c.o  -o cmTC_491d4 
/usr/bin/ld: CMakeFiles/cmTC_491d4.dir/src.c.o: in function `main':
src.c:(.text+0x46): undefined reference to `pthread_create'
/usr/bin/ld: src.c:(.text+0x52): undefined reference to `pthread_detach'
/usr/bin/ld: src.c:(.text+0x63): undefined reference to `pthread_join'
collect2: error: ld returned 1 exit status
make[1]: *** [CMakeFiles/cmTC_491d4.dir/build.make:87: cmTC_491d4] Error 1
make[1]: Leaving directory '/home/char/Downloads/GAMES101/Assignment8/build/CMakeFiles/CMakeTmp'
make: *** [Makefile:121: cmTC_491d4/fast] Error 2


Source file was:
#include <pthread.h>

void* test_func(void* data)
{
  return data;
}

int main(void)
{
  pthread_t thread;
  pthread_create(&thread, NULL, test_func, NULL);
  pthread_detach(thread);
  pthread_join(thread, NULL);
  pthread_atfork(NULL, NULL, NULL);
  pthread_exit(NULL);

  return 0;
}

Determining if the function pthread_create exists in the pthreads failed with the following output:
Change Dir: /home/char/Downloads/GAMES101/Assignment8/build/CMakeFiles/CMakeTmp

Run Build Command(s):/usr/bin/make cmTC_6f575/fast && /usr/bin/make -f CMakeFiles/cmTC_6f575.dir/build.make CMakeFiles/cmTC_6f575.dir/build
make[1]: Entering directory '/home/char/Downloads/GAMES101/Assignment8/build/CMakeFiles/CMakeTmp'
Building C object CMakeFiles/cmTC_6f575.dir/CheckFunctionExists.c.o
/usr/bin/cc   -DCHECK_FUNCTION_EXISTS=pthread_create   -o CMakeFiles/cmTC_6f575.dir/CheckFunctionExists.c.o   -c /usr/share/cmake-3.16/Modules/CheckFunctionExists.c
Linking C executable cmTC_6f575
/usr/bin/cmake -E cmake_link_script CMakeFiles/cmTC_6f575.dir/link.txt --verbose=1
/usr/bin/cc  -DCHECK_FUNCTION_EXISTS=pthread_create    -rdynamic CMakeFiles/cmTC_6f575.dir/CheckFunctionExists.c.o  -o cmTC_6f575  -lpthreads 
/usr/bin/ld: cannot find -lpthreads
collect2: error: ld returned 1 exit status
make[1]: *** [CMakeFiles/cmTC_6f575.dir/build.make:87: cmTC_6f575] Error 1
make[1]: Leaving directory '/home/char/Downloads/GAMES101/Assignment8/build/CMakeFiles/CMakeTmp'
make: *** [Makefile:121: cmTC_6f575/fast] Error 2



Determining if the function glXGetProcAddressEXT exists failed with the following output:
Change Dir: /home/char/Downloads/GAMES101/Assignment8/build/CMakeFiles/CMakeTmp

Run Build Command(s):/usr/bin/make cmTC_09923/fast && /usr/bin/make -f CMakeFiles/cmTC_09923.dir/build.make CMakeFiles/cmTC_09923.dir/build
make[1]: Entering directory '/home/char/Downloads/GAMES101/Assignment8/build/CMakeFiles/CMakeTmp'
Building C object CMakeFiles/cmTC_09923.dir/CheckFunctionExists.c.o
/usr/bin/cc   -DCHECK_FUNCTION_EXISTS=glXGetProcAddressEXT   -o CMakeFiles/cmTC_09923.dir/CheckFunctionExists.c.o   -c /usr/share/cmake-3.16/Modules/CheckFunctionExists.c
Linking C executable cmTC_09923
/usr/bin/cmake -E cmake_link_script CMakeFiles/cmTC_09923.dir/link.txt --verbose=1
/usr/bin/cc  -DCHECK_FUNCTION_EXISTS=glXGetProcAddressEXT    -rdynamic CMakeFiles/cmTC_09923.dir/CheckFunctionExists.c.o  -o cmTC_09923  /usr/lib/x86_64-linux-gnu/libGL.so 
/usr/bin/ld: CMakeFiles/cmTC_09923.dir/CheckFunctionExists.c.o: in function `main':
CheckFunctionExists.c:(.text+0x14): undefined reference to `glXGetProcAddressEXT'
collect2: error: ld returned 1 exit status
make[1]: *** [CMakeFiles/cmTC_09923.dir/build.make:88: cmTC_09923] Error 1
make[1]: Leaving directory '/home/char/Downloads/GAMES101/Assignment8/build/CMakeFiles/CMakeTmp'
make: *** [Makefile:121: cmTC_09923/fast] Error 2



